0 info it worked if it ends with ok
1 verbose cli [ '/usr/bin/nodejs',
1 verbose cli   '/home/anthony/.npm-packages/bin/npm',
1 verbose cli   'start' ]
2 info using npm@4.2.0
3 info using node@v7.2.0
4 verbose run-script [ 'prestart', 'start', 'poststart' ]
5 info lifecycle starter-1@1.0.0~prestart: starter-1@1.0.0
6 silly lifecycle starter-1@1.0.0~prestart: no script for prestart, continuing
7 info lifecycle starter-1@1.0.0~start: starter-1@1.0.0
8 verbose lifecycle starter-1@1.0.0~start: unsafe-perm in lifecycle true
9 verbose lifecycle starter-1@1.0.0~start: PATH: /home/anthony/.npm-packages/lib/node_modules/npm/bin/node-gyp-bin:/home/anthony/workspace/sandbox/starter-1/node_modules/.bin:/home/anthony/.npm-packages/bin:/home/anthony/bin:/home/anthony/.local/bin:/home/anthony/.npm-packages/bin:/home/anthony/bin:/home/anthony/.local/bin:/usr/local/sbin:/usr/local/bin:/usr/sbin:/usr/bin:/sbin:/bin:/usr/games:/usr/local/games:/snap/bin:/snap/bin
10 verbose lifecycle starter-1@1.0.0~start: CWD: /home/anthony/workspace/sandbox/starter-1
11 silly lifecycle starter-1@1.0.0~start: Args: [ '-c',
11 silly lifecycle   'npm-run-all -p watch:css security-check server localtunnel browserSync watch:pug' ]
12 silly lifecycle starter-1@1.0.0~start: Returned: code: 1  signal: null
13 info lifecycle starter-1@1.0.0~start: Failed to exec start script
14 verbose stack Error: starter-1@1.0.0 start: `npm-run-all -p watch:css security-check server localtunnel browserSync watch:pug`
14 verbose stack Exit status 1
14 verbose stack     at EventEmitter.<anonymous> (/home/anthony/.npm-packages/lib/node_modules/npm/lib/utils/lifecycle.js:279:16)
14 verbose stack     at emitTwo (events.js:106:13)
14 verbose stack     at EventEmitter.emit (events.js:191:7)
14 verbose stack     at ChildProcess.<anonymous> (/home/anthony/.npm-packages/lib/node_modules/npm/lib/utils/spawn.js:40:14)
14 verbose stack     at emitTwo (events.js:106:13)
14 verbose stack     at ChildProcess.emit (events.js:191:7)
14 verbose stack     at maybeClose (internal/child_process.js:885:16)
14 verbose stack     at Process.ChildProcess._handle.onexit (internal/child_process.js:226:5)
15 verbose pkgid starter-1@1.0.0
16 verbose cwd /home/anthony/workspace/sandbox/starter-1
17 error Linux 4.4.0-64-generic
18 error argv "/usr/bin/nodejs" "/home/anthony/.npm-packages/bin/npm" "start"
19 error node v7.2.0
20 error npm  v4.2.0
21 error code ELIFECYCLE
22 error errno 1
23 error starter-1@1.0.0 start: `npm-run-all -p watch:css security-check server localtunnel browserSync watch:pug`
23 error Exit status 1
24 error Failed at the starter-1@1.0.0 start script 'npm-run-all -p watch:css security-check server localtunnel browserSync watch:pug'.
24 error Make sure you have the latest version of node.js and npm installed.
24 error If you do, this is most likely a problem with the starter-1 package,
24 error not with npm itself.
24 error Tell the author that this fails on your system:
24 error     npm-run-all -p watch:css security-check server localtunnel browserSync watch:pug
24 error You can get information on how to open an issue for this project with:
24 error     npm bugs starter-1
24 error Or if that isn't available, you can get their info via:
24 error     npm owner ls starter-1
24 error There is likely additional logging output above.
25 verbose exit [ 1, true ]
